Arguments: 
  C:\Program Files\nodejs\node.exe C:\Users\user\AppData\Roaming\npm\node_modules\yarn\bin\yarn.js add @fantaskticedtechlimited/fui-iconli

PATH: 
  C:\Users\user\bin;C:\Program Files\Git\mingw64\bin;C:\Program Files\Git\usr\local\bin;C:\Program Files\Git\usr\bin;C:\Program Files\Git\usr\bin;C:\Program Files\Git\mingw64\bin;C:\Program Files\Git\usr\bin;C:\Users\user\bin;C:\Program Files\AdoptOpenJDK\jdk-8.0.252.09-hotspot\bin;C:\Program Files (x86)\Microsoft Visual Studio\Shared\Python37_64;C:\WINDOWS\system32;C:\WINDOWS;C:\WINDOWS\System32\Wbem;C:\WINDOWS\System32\WindowsPowerShell\v1.0;C:\WINDOWS\System32\OpenSSH;C:\Program Files\Microsoft SQL Server\130\Tools\Binn;C:\Program Files\Git\cmd;C:\Program Files\mingw-w64\x86_64-8.1.0-posix-seh-rt_v6-rev0;C:\Program Files (x86)\IncrediBuild;C:\Program Files\nodejs;C:\Users\user\AppData\Local\Microsoft\WindowsApps;C:\Users\user\AppData\Local\Programs\Microsoft VS Code Insiders\bin;C:\Program Files (x86)\Nmap;C:\Users\user\AppData\Local\GitHubDesktop\bin;C:\Program Files\mingw-w64\x86_64-8.1.0-posix-seh-rt_v6-rev0;C:\Users\user\AppData\Local\Programs\Microsoft VS Code\bin;C:\Users\user\AppData\Local\Android\Sdk\platform-tools;C:\Users\user\AppData\Roaming\npm;C:\Users\user\flutter\bin;C:\Windows\System32;C:\Program Files\Git\git-cmd.exe;C:\Program Files\Git\usr\bin\vendor_perl;C:\Program Files\Git\usr\bin\core_perl

Yarn version: 
  1.22.5

Node version: 
  16.13.1

Platform: 
  win32 x64

Trace: 
  Error: https://npm.pkg.github.com/@fantaskticedtechlimited%2ffui-iconli: npm package "fui-iconli" does not exist under owner "fantaskticedtechlimited"
      at Request.params.callback [as _callback] (C:\Users\user\AppData\Roaming\npm\node_modules\yarn\lib\cli.js:66988:18)
      at Request.self.callback (C:\Users\user\AppData\Roaming\npm\node_modules\yarn\lib\cli.js:140662:22)
      at Request.emit (node:events:390:28)
      at Request.<anonymous> (C:\Users\user\AppData\Roaming\npm\node_modules\yarn\lib\cli.js:141634:10)
      at Request.emit (node:events:390:28)
      at IncomingMessage.<anonymous> (C:\Users\user\AppData\Roaming\npm\node_modules\yarn\lib\cli.js:141556:12)
      at Object.onceWrapper (node:events:509:28)
      at IncomingMessage.emit (node:events:402:35)
      at endReadableNT (node:internal/streams/readable:1343:12)
      at processTicksAndRejections (node:internal/process/task_queues:83:21)

npm manifest: 
  {
  	"name": "@fantaskticedtechlimited/fui-complib",
  	"version": "0.0.5",
  	"description": "Fantasktic UI Component library",
  	"main": "./lib/cjs/index.js",
  	"module": "./lib/esm/index.js",
  	"types": "./lib/esm/index.d.ts",
  	"repository": "https://github.com/FantaskticEdTechLimited/FUI-CompLib.git",
  	"author": "pakmatthew",
  	"license": "MIT",
  	"private": false,
  	"devDependencies": {
  		"@types/react": "^17.0.38",
  		"@types/react-dom": "^17.0.11",
  		"react": "^17.0.2",
  		"react-dom": "^17.0.2",
  		"typescript": "^4.5.4"
  	},
  	"scripts": {
  		"build": "yarn build:esm && yarn build:cjs",
  		"build:esm": "tsc",
  		"build:cjs": "tsc --module commonjs --outDir lib/cjs"
  	},
  	"publishConfig": {
  		"registry": "https://npm.pkg.github.com"
  	},
  	"peerDependencies": {
  		"react": "^16.8.0",
  		"react-dom": "^16.8.0"
  	},
  	"files": [
  		"/lib"
  	],
  	"dependencies": {
  		"@fantaskticedtechlimited/fui-colorlib": "^0.0.2",
  		"@fantaskticedtechlimited/fui-fontlib": "^0.0.3",
  		"@fantaskticedtechlimited/fui-iconlib": "^0.0.5",
  		"typestyle": "^2.2.0"
  	}
  }

yarn manifest: 
  No manifest

Lockfile: 
  # THIS IS AN AUTOGENERATED FILE. DO NOT EDIT THIS FILE DIRECTLY.
  # yarn lockfile v1
  
  
  "@fantaskticedtechlimited/fui-colorlib@^0.0.2":
    version "0.0.2"
    resolved "https://npm.pkg.github.com/download/@fantaskticedtechlimited/fui-colorlib/0.0.2/2cc1d11fb28774801facf971aeb0b573155b2eeb5355e468166d42bc8e42d921#1f7d4fa4374145a233c8b5849689a5097629e06b"
    integrity sha512-eSFtQU3cVj/zEKmo0Jn+6a3H3zsjHrN6DuD8nAmEqcBvhN6MQu1Yamk/ViRKLcqnahAV559Aa4xQJZrRVVlWeA==
  
  "@fantaskticedtechlimited/fui-fontlib@^0.0.3":
    version "0.0.3"
    resolved "https://npm.pkg.github.com/download/@fantaskticedtechlimited/fui-fontlib/0.0.3/9da828716fd18681ea4bc8abee18b4af3e05bece9ec4bc31d6453fca75a87c35#e52dc09883503e2cb14eb947eb7f713d793cf0c2"
    integrity sha512-t+O/9CnKjzKX05gUF7vGxMu0TbsPvfYhXleMvahFdTSflu5eAhiV/icHZM/pXT0ySJaOihfMOWdRPmTyOanQxA==
  
  "@fantaskticedtechlimited/fui-iconlib@^0.0.5":
    version "0.0.5"
    resolved "https://npm.pkg.github.com/download/@fantaskticedtechlimited/fui-iconlib/0.0.5/d9b4f9068da49fd2eb3559da40a2b48b993528b847bfdb9ebbd67bcda2248b49#fb3bec9e98bdda5be17792034f993c7dcf6bc1c2"
    integrity sha512-daCXBg2IhuIsWMPJg3grc8MrGJzneVnVejyjYfqoiBccYslgbf8PSt7Yx8Wcq5WlIfGMU+8At5ywR8dWYsinAg==
    dependencies:
      "@fantaskticedtechlimited/fui-colorlib" "^0.0.2"
      typestyle "^2.2.0"
  
  "@types/prop-types@*":
    version "15.7.4"
    resolved "https://registry.npmjs.org/@types/prop-types/-/prop-types-15.7.4.tgz#fcf7205c25dff795ee79af1e30da2c9790808f11"
    integrity sha512-rZ5drC/jWjrArrS8BR6SIr4cWpW09RNTYt9AMZo3Jwwif+iacXAqgVjm0B0Bv/S1jhDXKHqRVNCbACkJ89RAnQ==
  
  "@types/react-dom@^17.0.11":
    version "17.0.11"
    resolved "https://registry.npmjs.org/@types/react-dom/-/react-dom-17.0.11.tgz#e1eadc3c5e86bdb5f7684e00274ae228e7bcc466"
    integrity sha512-f96K3k+24RaLGVu/Y2Ng3e1EbZ8/cVJvypZWd7cy0ofCBaf2lcM46xNhycMZ2xGwbBjRql7hOlZ+e2WlJ5MH3Q==
    dependencies:
      "@types/react" "*"
  
  "@types/react@*", "@types/react@^17.0.38":
    version "17.0.38"
    resolved "https://registry.npmjs.org/@types/react/-/react-17.0.38.tgz#f24249fefd89357d5fa71f739a686b8d7c7202bd"
    integrity sha512-SI92X1IA+FMnP3qM5m4QReluXzhcmovhZnLNm3pyeQlooi02qI7sLiepEYqT678uNiyc25XfCqxREFpy3W7YhQ==
    dependencies:
      "@types/prop-types" "*"
      "@types/scheduler" "*"
      csstype "^3.0.2"
  
  "@types/scheduler@*":
    version "0.16.2"
    resolved "https://registry.npmjs.org/@types/scheduler/-/scheduler-0.16.2.tgz#1a62f89525723dde24ba1b01b092bf5df8ad4d39"
    integrity sha512-hppQEBDmlwhFAXKJX2KnWLYu5yMfi91yazPb2l+lbJiwW+wdo1gNeRA+3RgNSO39WYX2euey41KEwnqesU2Jew==
  
  csstype@2.6.9:
    version "2.6.9"
    resolved "https://registry.npmjs.org/csstype/-/csstype-2.6.9.tgz#05141d0cd557a56b8891394c1911c40c8a98d098"
    integrity sha512-xz39Sb4+OaTsULgUERcCk+TJj8ylkL4aSVDQiX/ksxbELSqwkgt4d4RD7fovIdgJGSuNYqwZEiVjYY5l0ask+Q==
  
  csstype@^3.0.2:
    version "3.0.10"
    resolved "https://registry.npmjs.org/csstype/-/csstype-3.0.10.tgz#2ad3a7bed70f35b965707c092e5f30b327c290e5"
    integrity sha512-2u44ZG2OcNUO9HDp/Jl8C07x6pU/eTR3ncV91SiK3dhG9TWvRVsCoJw14Ckx5DgWkzGA3waZWO3d7pgqpUI/XA==
  
  free-style@3.1.0:
    version "3.1.0"
    resolved "https://registry.npmjs.org/free-style/-/free-style-3.1.0.tgz#4e2996029534e6b1731611d843437b9e2f473f08"
    integrity sha512-vJujYSIyT30iDoaoeigNAxX4yB1RUrh+N2ZMhIElMr3BvCuGXOw7XNJMEEJkDUeamK2Rnb/IKFGKRKlTWIGRWA==
  
  "js-tokens@^3.0.0 || ^4.0.0":
    version "4.0.0"
    resolved "https://registry.npmjs.org/js-tokens/-/js-tokens-4.0.0.tgz#19203fb59991df98e3a287050d4647cdeaf32499"
    integrity sha512-RdJUflcE3cUzKiMqQgsCu06FPu9UdIJO0beYbPhHN4k6apgJtifcoCtT9bcxOpYBtpD2kCM6Sbzg4CausW/PKQ==
  
  loose-envify@^1.1.0:
    version "1.4.0"
    resolved "https://registry.npmjs.org/loose-envify/-/loose-envify-1.4.0.tgz#71ee51fa7be4caec1a63839f7e682d8132d30caf"
    integrity sha512-lyuxPGr/Wfhrlem2CL/UcnUc1zcqKAImBDzukY7Y5F/yQiNdko6+fRLevlw1HgMySw7f611UIY408EtxRSoK3Q==
    dependencies:
      js-tokens "^3.0.0 || ^4.0.0"
  
  object-assign@^4.1.1:
    version "4.1.1"
    resolved "https://registry.npmjs.org/object-assign/-/object-assign-4.1.1.tgz#2109adc7965887cfc05cbbd442cac8bfbb360863"
    integrity sha1-IQmtx5ZYh8/AXLvUQsrIv7s2CGM=
  
  react-dom@^17.0.2:
    version "17.0.2"
    resolved "https://registry.npmjs.org/react-dom/-/react-dom-17.0.2.tgz#ecffb6845e3ad8dbfcdc498f0d0a939736502c23"
    integrity sha512-s4h96KtLDUQlsENhMn1ar8t2bEa+q/YAtj8pPPdIjPDGBDIVNsrD9aXNWqspUe6AzKCIG0C1HZZLqLV7qpOBGA==
    dependencies:
      loose-envify "^1.1.0"
      object-assign "^4.1.1"
      scheduler "^0.20.2"
  
  react@^17.0.2:
    version "17.0.2"
    resolved "https://registry.npmjs.org/react/-/react-17.0.2.tgz#d0b5cc516d29eb3eee383f75b62864cfb6800037"
    integrity sha512-gnhPt75i/dq/z3/6q/0asP78D0u592D5L1pd7M8P+dck6Fu/jJeL6iVVK23fptSUZj8Vjf++7wXA8UNclGQcbA==
    dependencies:
      loose-envify "^1.1.0"
      object-assign "^4.1.1"
  
  scheduler@^0.20.2:
    version "0.20.2"
    resolved "https://registry.npmjs.org/scheduler/-/scheduler-0.20.2.tgz#4baee39436e34aa93b4874bddcbf0fe8b8b50e91"
    integrity sha512-2eWfGgAqqWFGqtdMmcL5zCMK1U8KlXv8SQFGglL3CEtd0aDVDWgeF/YoCmvln55m5zSk3J/20hTaSBeSObsQDQ==
    dependencies:
      loose-envify "^1.1.0"
      object-assign "^4.1.1"
  
  typescript@^4.5.4:
    version "4.5.4"
    resolved "https://registry.npmjs.org/typescript/-/typescript-4.5.4.tgz#a17d3a0263bf5c8723b9c52f43c5084edf13c2e8"
    integrity sha512-VgYs2A2QIRuGphtzFV7aQJduJ2gyfTljngLzjpfW9FoYZF6xuw1W0vW9ghCKLfcWrCFxK81CSGRAvS1pn4fIUg==
  
  typestyle@^2.2.0:
    version "2.2.0"
    resolved "https://registry.npmjs.org/typestyle/-/typestyle-2.2.0.tgz#0b89231c405dda47e5acdcc2c33143ec7257134a"
    integrity sha512-2lfoH6Wp0B2fhEwy+aXzRxAaLEz/JLKUKmlttYT2yYSZhoyI2MEgv5iQjvtIBu5q/EwyqTNuYcoL1Mioqv7dsA==
    dependencies:
      csstype "2.6.9"
      free-style "3.1.0"
